open source     > 1 > 1 > /usr/local/texlive/2014/texmf-dist/tex/context/base/cont-yes.mkiv

ConTeXt  ver: 2014.05.21 22:04 MKIV beta  fmt: 2015.2.17  int: english/english

system          > 'cont-new.mkiv' loaded
open source     > 2 > 2 > /usr/local/texlive/2014/texmf-dist/tex/context/base/cont-new.mkiv
close source    > 2 > 2 > /usr/local/texlive/2014/texmf-dist/tex/context/base/cont-new.mkiv
system          > files > jobname 'Consti', input './Consti', result 'Consti'
fonts           > latin modern fonts are not preloaded
languages       > language 'en' is active
open source     > 2 > 3 > /home/aradnix/Documentos/context/consti/Consti.tex
fonts           > preloading latin modern fonts (second stage)
fonts           > 'fallback modern-designsize rm 12pt' is loaded
backend         > xmp > using file '/usr/local/texlive/2014/texmf-dist/tex/context/base/lpdf-pdx.xml'
pages           > flushing realpage 1, userpage 1
pages           > flushing realpage 2, userpage 1
structure       > sectioning > part @ level 1 : 1 -> Constitución Política de la República Mexicana de 1857
pages           > flushing realpage 3
pages           > flushing realpage 4, userpage 2
structure       > sectioning > subject @ level 3 : 1.0.0 -> Febrero 12 de 1857.- Constitucion Política de la República.
structure       > sectioning > subject @ level 3 : 1.0.0 -> Constitución
pages           > flushing realpage 5, userpage 3
structure       > sectioning > chapter @ level 2 : 1.1 -> \mbox {}
structure       > sectioning > section @ level 3 : 1.1.1 -> De los derechos del hombre
structure       > sectioning > subsubsection @ level 5 : 1.1.1.0.1 -> \mbox {}
structure       > sectioning > subsubsection @ level 5 : 1.1.1.0.2 -> \mbox {}
structure       > sectioning > subsubsection @ level 5 : 1.1.1.0.3 -> \mbox {}
structure       > sectioning > subsubsection @ level 5 : 1.1.1.0.4 -> \mbox {}
structure       > sectioning > subsubsection @ level 5 : 1.1.1.0.5 -> \mbox {}
structure       > sectioning > subsubsection @ level 5 : 1.1.1.0.6 -> \mbox {}
structure       > sectioning > subsubsection @ level 5 : 1.1.1.0.7 -> \mbox {}
structure       > sectioning > subsubsection @ level 5 : 1.1.1.0.8 -> \mbox {}
structure       > sectioning > subsubsection @ level 5 : 1.1.1.0.9 -> \mbox {}
pages           > flushing realpage 6, userpage 4
structure       > sectioning > subsubsection @ level 5 : 1.1.1.0.10 -> \mbox {}
structure       > sectioning > subsubsection @ level 5 : 1.1.1.0.11 -> \mbox {}
structure       > sectioning > subsubsection @ level 5 : 1.1.1.0.12 -> \mbox {}
structure       > sectioning > subsubsection @ level 5 : 1.1.1.0.13 -> \mbox {}
structure       > sectioning > subsubsection @ level 5 : 1.1.1.0.14 -> \mbox {}
structure       > sectioning > subsubsection @ level 5 : 1.1.1.0.15 -> \mbox {}
structure       > sectioning > subsubsection @ level 5 : 1.1.1.0.16 -> \mbox {}
structure       > sectioning > subsubsection @ level 5 : 1.1.1.0.17 -> \mbox {}
pages           > flushing realpage 7, userpage 5
structure       > sectioning > subsubsection @ level 5 : 1.1.1.0.18 -> \mbox {}
structure       > sectioning > subsubsection @ level 5 : 1.1.1.0.19 -> \mbox {}
structure       > sectioning > subsubsection @ level 5 : 1.1.1.0.20 -> \mbox {}
structure       > sectioning > subsubsection @ level 5 : 1.1.1.0.21 -> \mbox {}
structure       > sectioning > subsubsection @ level 5 : 1.1.1.0.22 -> \mbox {}
structure       > sectioning > subsubsection @ level 5 : 1.1.1.0.23 -> \mbox {}
pages           > flushing realpage 8, userpage 6
structure       > sectioning > subsubsection @ level 5 : 1.1.1.0.24 -> \mbox {}
structure       > sectioning > subsubsection @ level 5 : 1.1.1.0.25 -> \mbox {}
structure       > sectioning > subsubsection @ level 5 : 1.1.1.0.26 -> \mbox {}
structure       > sectioning > subsubsection @ level 5 : 1.1.1.0.27 -> \mbox {}
structure       > sectioning > subsubsection @ level 5 : 1.1.1.0.28 -> \mbox {}
structure       > sectioning > subsubsection @ level 5 : 1.1.1.0.29 -> \mbox {}
pages           > flushing realpage 9, userpage 7
structure       > sectioning > section @ level 3 : 1.1.2 -> De los mexicanos
structure       > sectioning > subsubsection @ level 5 : 1.1.2.0.30 -> \mbox {}
structure       > sectioning > subsubsection @ level 5 : 1.1.2.0.31 -> \mbox {}
structure       > sectioning > subsubsection @ level 5 : 1.1.2.0.32 -> \mbox {}
structure       > sectioning > section @ level 3 : 1.1.3 -> De los extranjeros
structure       > sectioning > subsubsection @ level 5 : 1.1.3.0.33 -> \mbox {}
structure       > sectioning > section @ level 3 : 1.1.4 -> De los ciudadanos mexicanos
pages           > flushing realpage 10, userpage 8
structure       > sectioning > subsubsection @ level 5 : 1.1.4.0.34 -> \mbox {}
structure       > sectioning > subsubsection @ level 5 : 1.1.4.0.35 -> \mbox {}
structure       > sectioning > subsubsection @ level 5 : 1.1.4.0.36 -> \mbox {}
structure       > sectioning > subsubsection @ level 5 : 1.1.4.0.37 -> \mbox {}
structure       > sectioning > subsubsection @ level 5 : 1.1.4.0.38 -> \mbox {}
pages           > flushing realpage 11, userpage 9
pages           > flushing realpage 12, userpage 10
structure       > sectioning > chapter @ level 2 : 1.2 -> \mbox {}
structure       > sectioning > section @ level 3 : 1.2.1 -> De la soberanía nacional y de la forma de gobierno
structure       > sectioning > subsubsection @ level 5 : 1.2.1.0.39 -> \mbox {}
structure       > sectioning > subsubsection @ level 5 : 1.2.1.0.40 -> \mbox {}
structure       > sectioning > subsubsection @ level 5 : 1.2.1.0.41 -> \mbox {}
structure       > sectioning > section @ level 3 : 1.2.2 -> De las partes integrantes de la federacion y del territorio nacional
structure       > sectioning > subsubsection @ level 5 : 1.2.2.0.42 -> \mbox {}
structure       > sectioning > subsubsection @ level 5 : 1.2.2.0.43 -> \mbox {}
structure       > sectioning > subsubsection @ level 5 : 1.2.2.0.44 -> \mbox {}
structure       > sectioning > subsubsection @ level 5 : 1.2.2.0.45 -> \mbox {}
structure       > sectioning > subsubsection @ level 5 : 1.2.2.0.46 -> \mbox {}
structure       > sectioning > subsubsection @ level 5 : 1.2.2.0.47 -> \mbox {}
pages           > flushing realpage 13, userpage 11
structure       > sectioning > subsubsection @ level 5 : 1.2.2.0.48 -> \mbox {}
structure       > sectioning > subsubsection @ level 5 : 1.2.2.0.49 -> \mbox {}
pages           > flushing realpage 14, userpage 12
structure       > sectioning > chapter @ level 2 : 1.3 -> De la division de poderes
structure       > sectioning > subsubsection @ level 5 : 1.3.0.0.50 -> \mbox {}
structure       > sectioning > section @ level 3 : 1.3.1 -> Del poder legislativo
structure       > sectioning > subsubsection @ level 5 : 1.3.1.0.51 -> \mbox {}
structure       > sectioning > subsection @ level 4 : 1.3.1.1 -> De la eleccion é instalacion del congreso
structure       > sectioning > subsubsection @ level 5 : 1.3.1.1.52 -> \mbox {}
structure       > sectioning > subsubsection @ level 5 : 1.3.1.1.53 -> \mbox {}
structure       > sectioning > subsubsection @ level 5 : 1.3.1.1.54 -> \mbox {}
structure       > sectioning > subsubsection @ level 5 : 1.3.1.1.55 -> \mbox {}
structure       > sectioning > subsubsection @ level 5 : 1.3.1.1.56 -> \mbox {}
structure       > sectioning > subsubsection @ level 5 : 1.3.1.1.57 -> \mbox {}
structure       > sectioning > subsubsection @ level 5 : 1.3.1.1.58 -> \mbox {}
structure       > sectioning > subsubsection @ level 5 : 1.3.1.1.59 -> \mbox {}
structure       > sectioning > subsubsection @ level 5 : 1.3.1.1.60 -> \mbox {}
structure       > sectioning > subsubsection @ level 5 : 1.3.1.1.61 -> \mbox {}
pages           > flushing realpage 15, userpage 13
structure       > sectioning > subsubsection @ level 5 : 1.3.1.1.62 -> \mbox {}
structure       > sectioning > subsubsection @ level 5 : 1.3.1.1.63 -> \mbox {}
structure       > sectioning > subsubsection @ level 5 : 1.3.1.1.64 -> \mbox {}
structure       > sectioning > subsection @ level 4 : 1.3.1.2 -> De la iniciativa y formacion de las leyes
structure       > sectioning > subsubsection @ level 5 : 1.3.1.2.65 -> \mbox {}
structure       > sectioning > subsubsection @ level 5 : 1.3.1.2.66 -> \mbox {}
structure       > sectioning > subsubsection @ level 5 : 1.3.1.2.67 -> \mbox {}
structure       > sectioning > subsubsection @ level 5 : 1.3.1.2.68 -> \mbox {}
structure       > sectioning > subsubsection @ level 5 : 1.3.1.2.69 -> \mbox {}
pages           > flushing realpage 16, userpage 14
structure       > sectioning > subsubsection @ level 5 : 1.3.1.2.70 -> \mbox {}
structure       > sectioning > subsubsection @ level 5 : 1.3.1.2.71 -> \mbox {}
structure       > sectioning > subsection @ level 4 : 1.3.1.3 -> De las facultades del congreso
structure       > sectioning > subsubsection @ level 5 : 1.3.1.3.72 -> \mbox {}
pages           > flushing realpage 17, userpage 15
pages           > flushing realpage 18, userpage 16
pages           > flushing realpage 19, userpage 17
structure       > sectioning > subsection @ level 4 : 1.3.1.4 -> De la diputacion permanente
structure       > sectioning > subsubsection @ level 5 : 1.3.1.4.73 -> \mbox {}
structure       > sectioning > subsubsection @ level 5 : 1.3.1.4.74 -> \mbox {}
structure       > sectioning > section @ level 3 : 1.3.2 -> Del poder Ejecutivo
structure       > sectioning > subsubsection @ level 5 : 1.3.2.0.75 -> \mbox {}
structure       > sectioning > subsubsection @ level 5 : 1.3.2.0.76 -> \mbox {}
pages           > flushing realpage 20, userpage 18
structure       > sectioning > subsubsection @ level 5 : 1.3.2.0.77 -> \mbox {}
structure       > sectioning > subsubsection @ level 5 : 1.3.2.0.78 -> \mbox {}
structure       > sectioning > subsubsection @ level 5 : 1.3.2.0.79 -> \mbox {}
structure       > sectioning > subsubsection @ level 5 : 1.3.2.0.80 -> \mbox {}
structure       > sectioning > subsubsection @ level 5 : 1.3.2.0.81 -> \mbox {}
structure       > sectioning > subsubsection @ level 5 : 1.3.2.0.82 -> \mbox {}
structure       > sectioning > subsubsection @ level 5 : 1.3.2.0.83 -> \mbox {}
structure       > sectioning > subsubsection @ level 5 : 1.3.2.0.84 -> \mbox {}
structure       > sectioning > subsubsection @ level 5 : 1.3.2.0.85 -> \mbox {}
pages           > flushing realpage 21, userpage 19
structure       > sectioning > subsubsection @ level 5 : 1.3.2.0.86 -> \mbox {}
structure       > sectioning > subsubsection @ level 5 : 1.3.2.0.87 -> \mbox {}
pages           > flushing realpage 22, userpage 20
structure       > sectioning > subsubsection @ level 5 : 1.3.2.0.88 -> \mbox {}
structure       > sectioning > subsubsection @ level 5 : 1.3.2.0.89 -> \mbox {}
structure       > sectioning > section @ level 3 : 1.3.3 -> Del poder judicial
structure       > sectioning > subsubsection @ level 5 : 1.3.3.0.90 -> \mbox {}
structure       > sectioning > subsubsection @ level 5 : 1.3.3.0.91 -> \mbox {}
structure       > sectioning > subsubsection @ level 5 : 1.3.3.0.92 -> \mbox {}
structure       > sectioning > subsubsection @ level 5 : 1.3.3.0.93 -> \mbox {}
structure       > sectioning > subsubsection @ level 5 : 1.3.3.0.94 -> \mbox {}
structure       > sectioning > subsubsection @ level 5 : 1.3.3.0.95 -> \mbox {}
structure       > sectioning > subsubsection @ level 5 : 1.3.3.0.96 -> \mbox {}
pages           > flushing realpage 23, userpage 21
structure       > sectioning > subsubsection @ level 5 : 1.3.3.0.97 -> \mbox {}
structure       > sectioning > subsubsection @ level 5 : 1.3.3.0.98 -> \mbox {}
structure       > sectioning > subsubsection @ level 5 : 1.3.3.0.99 -> \mbox {}
structure       > sectioning > subsubsection @ level 5 : 1.3.3.0.100 -> \mbox {}
structure       > sectioning > subsubsection @ level 5 : 1.3.3.0.101 -> \mbox {}
structure       > sectioning > subsubsection @ level 5 : 1.3.3.0.102 -> \mbox {}
pages           > flushing realpage 24, userpage 22
pages           > flushing realpage 25, userpage 23
structure       > sectioning > chapter @ level 2 : 1.4 -> De la responsabilidad de los funcionarios públicos
structure       > sectioning > subsubsection @ level 5 : 1.4.0.0.103 -> \mbox {}
structure       > sectioning > subsubsection @ level 5 : 1.4.0.0.104 -> \mbox {}
structure       > sectioning > subsubsection @ level 5 : 1.4.0.0.105 -> \mbox {}
structure       > sectioning > subsubsection @ level 5 : 1.4.0.0.106 -> \mbox {}
structure       > sectioning > subsubsection @ level 5 : 1.4.0.0.107 -> \mbox {}
structure       > sectioning > subsubsection @ level 5 : 1.4.0.0.108 -> \mbox {}
pages           > flushing realpage 26, userpage 24
structure       > sectioning > chapter @ level 2 : 1.5 -> De los Estados de la federacion
structure       > sectioning > subsubsection @ level 5 : 1.5.0.0.109 -> \mbox {}
structure       > sectioning > subsubsection @ level 5 : 1.5.0.0.110 -> \mbox {}
structure       > sectioning > subsubsection @ level 5 : 1.5.0.0.111 -> \mbox {}
structure       > sectioning > subsubsection @ level 5 : 1.5.0.0.112 -> \mbox {}
structure       > sectioning > subsubsection @ level 5 : 1.5.0.0.113 -> \mbox {}
structure       > sectioning > subsubsection @ level 5 : 1.5.0.0.114 -> \mbox {}
structure       > sectioning > subsubsection @ level 5 : 1.5.0.0.115 -> \mbox {}
structure       > sectioning > subsubsection @ level 5 : 1.5.0.0.116 -> \mbox {}
pages           > flushing realpage 27, userpage 25
structure       > sectioning > chapter @ level 2 : 1.6 -> Prevenciones generales
structure       > sectioning > subsubsection @ level 5 : 1.6.0.0.117 -> \mbox {}
structure       > sectioning > subsubsection @ level 5 : 1.6.0.0.118 -> \mbox {}
structure       > sectioning > subsubsection @ level 5 : 1.6.0.0.119 -> \mbox {}
structure       > sectioning > subsubsection @ level 5 : 1.6.0.0.120 -> \mbox {}
structure       > sectioning > subsubsection @ level 5 : 1.6.0.0.121 -> \mbox {}
structure       > sectioning > subsubsection @ level 5 : 1.6.0.0.122 -> \mbox {}
structure       > sectioning > subsubsection @ level 5 : 1.6.0.0.123 -> \mbox {}
structure       > sectioning > subsubsection @ level 5 : 1.6.0.0.124 -> \mbox {}
structure       > sectioning > subsubsection @ level 5 : 1.6.0.0.125 -> \mbox {}
structure       > sectioning > subsubsection @ level 5 : 1.6.0.0.126 -> \mbox {}
pages           > flushing realpage 28, userpage 26
pages           > flushing realpage 29, userpage 27
structure       > sectioning > chapter @ level 2 : 1.7 -> De la reforma de la Constitucion
structure       > sectioning > subsubsection @ level 5 : 1.7.0.0.127 -> \mbox {}
pages           > flushing realpage 30, userpage 28
structure       > sectioning > chapter @ level 2 : 1.8 -> De la inviolabilidad de la Constitucion
structure       > sectioning > subsubsection @ level 5 : 1.8.0.0.128 -> \mbox {}
structure       > sectioning > subsubsubject @ level 5 : 1.8.0.0.128 -> Artículo transitorio
pages           > flushing realpage 31, userpage 29
pages           > flushing realpage 32, userpage 30
pages           > flushing realpage 33, userpage 31
pages           > flushing realpage 34, userpage 32
structure       > sectioning > title @ level 2 : 1.8 -> \headtext {content}
pages           > flushing realpage 35, userpage 33
pages           > flushing realpage 36, userpage 34
pages           > flushing realpage 37, userpage 35
pages           > flushing realpage 38, userpage 36
close source    > 2 > 3 > /home/aradnix/Documentos/context/consti/Consti.tex
close source    > 1 > 3 > /usr/local/texlive/2014/texmf-dist/tex/context/base/cont-yes.mkiv

system          > structure > start used structure

used structure  > text: Consti

system          > structure > stop used structure


system          > files > start used files

used file       >    1: filename=cont-yes.mkiv filetype=tex foundname=/usr/local/texlive/2014/texmf-dist/tex/context/base/cont-yes.mkiv usedmethod=database
used file       >    2: filename=cont-new.mkiv filetype=tex foundname=/usr/local/texlive/2014/texmf-dist/tex/context/base/cont-new.mkiv usedmethod=database
used file       >    3: filename=lang-us.lua filetype=lua foundname=/usr/local/texlive/2014/texmf-dist/tex/context/patterns/lang-us.lua usedmethod=database
used file       >    4: filename=/home/aradnix/Documentos/context/consti/Consti.tex foundname=/home/aradnix/Documentos/context/consti/Consti.tex usedmethod=direct
used file       >    5: filename=lang-es.lua filetype=lua foundname=/usr/local/texlive/2014/texmf-dist/tex/context/patterns/lang-es.lua usedmethod=database
used file       >    6: filename=lm.lfg filetype=tex foundname=/usr/local/texlive/2014/texmf-dist/tex/context/fonts/lm.lfg usedmethod=database
used file       >    7: filename=lmroman12-regular filetype=otf format=otf foundname=/usr/local/texlive/2014/texmf-dist/fonts/opentype/public/lm/lmroman12-regular.otf usedmethod=database
used file       >    8: filename=latinmodern-math.otf filetype=opentypefonts foundname=/usr/local/texlive/2014/texmf-dist/fonts/opentype/public/lm-math/latinmodern-math.otf usedmethod=database
used file       >    9: filename=latinmodern-math.otf filetype=otf format=otf foundname=/usr/local/texlive/2014/texmf-dist/fonts/opentype/public/lm-math/latinmodern-math.otf usedmethod=database
used file       >   10: filename=lmroman10-regular filetype=otf format=otf foundname=/usr/local/texlive/2014/texmf-dist/fonts/opentype/public/lm/lmroman10-regular.otf usedmethod=database
used file       >   11: filename=lpdf-pdx.xml filetype=tex foundname=/usr/local/texlive/2014/texmf-dist/tex/context/base/lpdf-pdx.xml usedmethod=database
used file       >   12: filename=lmroman10-bold filetype=otf format=otf foundname=/usr/local/texlive/2014/texmf-dist/fonts/opentype/public/lm/lmroman10-bold.otf usedmethod=database
used file       >   13: filename=lmroman12-bold filetype=otf format=otf foundname=/usr/local/texlive/2014/texmf-dist/fonts/opentype/public/lm/lmroman12-bold.otf usedmethod=database

system          > files > stop used files


system          > options > start commandline options

used option     > currentrun="2"
used option     > engine="luajittex"
used option     > fulljobname="./Consti.tex"
used option     > input="./Consti.tex"
used option     > kindofrun="2"
used option     > maxnofruns="8"
used option     > no-parse-first-line="true"
used option     > redirected="true"

system          > options > stop commandline options

system          > options > start commandline files

used file       >    1: ./Consti.tex

system          > options > stop commandline files


mkiv lua stats  > used config file: selfautoparent:/texmfcnf.lua;selfautoparent:/texmf-dist/web2c/texmfcnf.lua
mkiv lua stats  > used cache path: readable: '/usr/local/texlive/2014/texmf-var/luatex-cache/context/a86c089b384a3076dc514ba966a1fac9' | readable+writable: '/home/aradnix/.texlive2014/texmf-var/luatex-cache/context/a86c089b384a3076dc514ba966a1fac9'
mkiv lua stats  > resource resolver: loadtime 0.365 seconds, 0 scans with scantime 0.000 seconds, 0 shared scans, 13 found files, scanned paths: <none>
mkiv lua stats  > stored bytecode data: 350 modules (0.545 sec), 69 tables (0.003 sec), 419 chunks (0.548 sec)
mkiv lua stats  > running in nuts mode: yes
mkiv lua stats  > cleaned up reserved nodes: 44 nodes, 443 lists of 442
mkiv lua stats  > node memory usage: 3 glue, 3 penalty, 16 attribute, 310 glue_spec, 4 attribute_list, 2 temp
mkiv lua stats  > node list callback tasks: 6 unique task lists, 5 instances (re)created, 4654 calls
mkiv lua stats  > h-node processing time: 0.161 seconds including kernel
mkiv lua stats  > attribute processing time: 0.030 seconds front- and backend
mkiv lua stats  > used backend: pdf (backend for directly generating pdf output)
mkiv lua stats  > v-node processing time: 0.029 seconds 
mkiv lua stats  > loaded patterns: en::2 es::52, load time: 0.000
mkiv lua stats  > jobdata time: 0.022 seconds saving, 0.003 seconds loading
mkiv lua stats  > callbacks: 8787 direct, 760 indirect, 9547 total
mkiv lua stats  > randomizer: resumed with value 0.793942786268
mkiv lua stats  > interactive elements: 149 references, 154 destinations
mkiv lua stats  > result saved in file: Consti.pdf, compresslevel 3, objectcompresslevel 3
mkiv lua stats  > loaded fonts: 5 files: latinmodern-math.otf, lmroman10-bold.otf, lmroman10-regular.otf, lmroman12-bold.otf, lmroman12-regular.otf
mkiv lua stats  > fonts load time: 0.267 seconds for 9 fonts, 3 shared in backend, 1 common vectors, 2 common hashes
mkiv lua stats  > pdf annotations: 149 links (149 unique), 0 special
mkiv lua stats  > used platform: linux-64, type: unix, binary subtree: bin
mkiv lua stats  > luatex banner: this is luajittex, version beta-0.79.1 (tex live 2014) (rev 4971)
mkiv lua stats  > control sequences: 38808 of 65536 + 100000
mkiv lua stats  > lua properties: engine: luajit, used memory: 43 MB (ctx: 0 MB), hash type: lua51, hash chars: min(64,40), symbol mask: utf (τεχ)
mkiv lua stats  > runtime: 2.068 seconds, 38 processed pages, 38 shipped pages, 18.375 pages/second

